web2py Web Framework
Created by Massimo Di Pierro, Copyright 2007-2011
Version 1.98.2 (2011-08-04 00:47:09)
Database drivers available: SQLite3, pymysql
2
Task done
1
VMCount=72 MAC:54:52:00:00:0:74 NEW IP:10.17.1.74 VNCPort:5994
Start the process. No vm with the same name exists already in the database
Creating directory
Netapp Copy and Move in progress
sudo ssh 10.105.171.194 ndmpcopy /vol/kvm1/vm_templates/ubuntu1110i386.qcow2 /vol/kvm1/vm_templates/tmp
(0, 'Ndmpcopy: Starting copy [ 112 ] ...\nNdmpcopy: NetApp3: Notify: Connection established\nNdmpcopy: NetApp3: Notify: Connection established\nNdmpcopy: NetApp3: Connect: Authentication successful\nNdmpcopy: NetApp3: Connect: Authentication successful\nNdmpcopy: NetApp3: Log: DUMP: creating "/vol/kvm1/../snapshot_for_backup.207" snapshot.\nNdmpcopy: NetApp3: Log: DUMP: Using Partial Volume Dump of selected subtrees\nNdmpcopy: NetApp3: Log: DUMP: Date of this level 0 dump: Sat Nov 12 17:41:40 2011.\nNdmpcopy: NetApp3: Log: DUMP: Date of last level 0 dump: the epoch.\nNdmpcopy: NetApp3: Log: DUMP: Dumping /vol/kvm1/vm_templates/ubuntu1110i386.qcow2 to NDMP connection\nNdmpcopy: NetApp3: Log: DUMP: mapping (Pass I)[regular files] \nNdmpcopy: NetApp3: Log: DUMP: Reading file names from NDMP.\nNdmpcopy: NetApp3: Log: DUMP: mapping (Pass II)[directories]\nNdmpcopy: NetApp3: Log: DUMP: estimated 4935085 KB.\nNdmpcopy: NetApp3: Log: DUMP: dumping (Pass III) [directories]\nNdmpcopy: NetApp3: Log: DUMP: dumping (Pass IV) [regular files]\nNdmpcopy: NetApp3: Log: RESTORE: Sat Nov 12 17:41:41 2011: Begin level 0 restore\nNdmpcopy: NetApp3: Log: RESTORE: Sat Nov 12 17:41:41 2011: Reading directories from the backup\nNdmpcopy: NetApp3: Log: RESTORE: Sat Nov 12 17:41:41 2011: Creating files and directories.\nNdmpcopy: NetApp3: Log: RESTORE: Sat Nov 12 17:41:41 2011: Writing data to files.\nNdmpcopy: NetApp3: Log: DUMP: dumping (Pass V) [ACLs]\nNdmpcopy: NetApp3: Log: RESTORE: Sat Nov 12 17:42:19 2011: Restoring NT ACLs.\nNdmpcopy: NetApp3: Log: RESTORE: RESTORE IS DONE\nNdmpcopy: NetApp3: Log: RESTORE: The destination path is /vol/kvm1/vm_templates/tmp/\nNdmpcopy: NetApp3: Log: DUMP: 4915131 KB\nNdmpcopy: NetApp3: Log: DUMP: DUMP IS DONE\nNdmpcopy: NetApp3: Log: DUMP: Deleting "/vol/kvm1/../snapshot_for_backup.207" snapshot.\nNdmpcopy: NetApp3: Notify: restore successful\nNdmpcopy: NetApp3: Notify: dump successful\nNdmpcopy: Transfer successful [ 49 seconds ]\nNdmpcopy: Done')
sudo ssh 10.105.171.194 mv /vol/kvm1/vm_templates/tmp/ubuntu1110i386.qcow2 /vol/kvm1/suabn43/suabn43.qcow2
(0, '')
Installation started
Host is 10.16.71.13
virt-install                     --name=suabn43                     --ram=512                     --vcpus=1 --import --os-type=Linux --arch=i386                      --disk path=/vms/ds_kvm1/suabn43/suabn43.qcow2                     --network bridge=br0,mac=54:52:00:00:0:74 		    --graphics vnc,port=5994,listen=0.0.0.0,password=iitdcloud                     --noautoconsole                     --description                     --autostart                     --force
(256, 'Traceback (most recent call last):\n  File "/usr/bin/virt-install", line 45, in <module>\n    cli.setupGettext()\n  File "/usr/lib/pymodules/python2.7/virtinst/cli.py", line 205, in setupGettext\n    locale.setlocale(locale.LC_ALL, \'\')\n  File "/usr/lib/python2.7/locale.py", line 531, in setlocale\n    return _setlocale(category, locale)\nlocale.Error: unsupported locale setting')
Check if VM has been successfully created
Task done
0
Taking a cofee break
0
Taking a cofee break
0
Taking a cofee break
1
VMCount=73 MAC:54:52:00:00:0:75 NEW IP:10.17.1.75 VNCPort:5995
Start the process. No vm with the same name exists already in the database
Creating directory
Netapp Copy and Move in progress
sudo ssh 10.105.171.194 ndmpcopy /vol/kvm1/vm_templates/ubuntu1110i386.qcow2 /vol/kvm1/vm_templates/tmp
(0, 'Ndmpcopy: Starting copy [ 113 ] ...\nNdmpcopy: NetApp3: Notify: Connection established\nNdmpcopy: NetApp3: Notify: Connection established\nNdmpcopy: NetApp3: Connect: Authentication successful\nNdmweb2py Web Framework
Created by Massimo Di Pierro, Copyright 2007-2011
Version 1.98.2 (2011-08-04 00:47:09)
Database drivers available: SQLite3, pymysql
0
Taking a cofee break
0
Taking a cofee break
0
Taking a cofee break
0
Taking a cofee break
0
Taking a cofee break
0
Taking a cofee break
0
Taking a cofee break
0
Taking a cofee break
0
Taking a cofee break
0
Taking a cofee break
0
Taking a cofee break
1
VMCount=109 MAC:54:52:00:00:1:9 NEW IP:10.17.2.9 VNCPort:6029
Start the process. No vm with the same name exists already in the database
Creating directory
Netapp Copy and Move in progress
sudo ssh 10.105.171.197 ndmpcopy /vol/kvm2/vm_templates/ubuntu1110i386.qcow2 /vol/kvm2/vm_templates/tmp
(0, 'Ndmpcopy: Starting copy [ 79 ] ...\nNdmpcopy: NetApp4: Notify: Connection established\nNdmpcopy: NetApp4: Notify: Connection established\nNdmpcopy: NetApp4: Connect: Authentication successful\nNdmpcopy: NetApp4: Connect: Authentication successful\nNdmpcopy: NetApp4: Log: DUMP: creating "/vol/kvm2/../snapshot_for_backup.140" snapshot.\nNdmpcopy: NetApp4: Log: DUMP: Using Partial Volume Dump of selected subtrees\nNdmpcopy: NetApp4: Log: DUMP: Date of this level 0 dump: Tue Nov 15 18:50:41 2011.\nNdmpcopy: NetApp4: Log: DUMP: Date of last level 0 dump: the epoch.\nNdmpcopy: NetApp4: Log: DUMP: Dumping /vol/kvm2/vm_templates/ubuntu1110i386.qcow2 to NDMP connection\nNdmpcopy: NetApp4: Log: DUMP: mapping (Pass I)[regular files] \nNdmpcopy: NetApp4: Log: DUMP: Reading file names from NDMP.\nNdmpcopy: NetApp4: Log: DUMP: mapping (Pass II)[directories]\nNdmpcopy: NetApp4: Log: DUMP: estimated 4405057 KB.\nNdmpcopy: NetApp4: Log: DUMP: dumping (Pass III) [directories]\nNdmpcopy: NetApp4: Log: DUMP: dumping (Pass IV) [regular files]\nNdmpcopy: NetApp4: Log: RESTORE: Tue Nov 15 18:50:42 2011: Begin level 0 restore\nNdmpcopy: NetApp4: Log: RESTORE: Tue Nov 15 18:50:42 2011: Reading directories from the backup\nNdmpcopy: NetApp4: Log: RESTORE: Tue Nov 15 18:50:42 2011: Creating files and directories.\nNdmpcopy: NetApp4: Log: RESTORE: Tue Nov 15 18:50:42 2011: Writing data to files.\nNdmpcopy: NetApp4: Log: DUMP: dumping (Pass V) [ACLs]\nNdmpcopy: NetApp4: Log: RESTORE: Tue Nov 15 18:51:38 2011: Restoring NT ACLs.\nNdmpcopy: NetApp4: Log: RESTORE: RESTORE IS DONE\nNdmpcopy: NetApp4: Log: RESTORE: The destination path is /vol/kvm2/vm_templates/tmp/\nNdmpcopy: NetApp4: Log: DUMP: 4387351 KB\nNdmpcopy: NetApp4: Log: DUMP: DUMP IS DONE\nNdmpcopy: NetApp4: Notify: restore successful\nNdmpcopy: NetApp4: Log: DUMP: Deleting "/vol/kvm2/../snapshot_for_backup.140" snapshot.\nNdmpcopy: NetApp4: Notify: dump successful\nNdmpcopy: Transfer successful [ 1 minutes 16 seconds ]\nNdmpcopy: Done')
sudo ssh 10.105.171.197 mv /vol/kvm2/vm_templates/tmp/ubuntu1110i386.qcow2 /vol/kvm2/suban80/suban80.qcow2
(0, '')
Installation started
Host is 10.16.71.14
virt-install                     --name=suban80                     --ram=1024                     --vcpus=1 --import --os-type=Linux --arch=i386                      --disk path=/vms/ds_kvm2/suban80/suban80.qcow2,bus=virtio                     --network bridge=br0,model=virtio,mac=54:52:00:00:1:9 		    --graphics vnc,port=6029,listen=0.0.0.0,password=iitdcloud                     --noautoconsole                     --description                     --autostart                     --force
(0, '\rCreating domain...                                       |    0 B     00:01     \n\nStarting install...\nDomain creation completed. You can restart your domain by running:\n  virsh --connect qemu:///system start suban80')
Check if VM has been successfully created
Task done
0
Taking a cofee break
0
Taking a cofee break
0
Taking a cofee break
0
Taking a cofee break
0
Taking a cofee break
0
Taking a cofee break
0
Taking a cofee break
0
Taking a cofee break
0
Taking a cofee break
0
Taking a cofee break
0
Taking a cofee break
0
Taking a cofee break
0
Taking a cofee break
0
Taking a cofee break
0
Taking a cofee break
0
Taking a cofee break
0
Taking a cofee break
0
Taking a cofee break
0
Taking a cofee break
0
Taking a cofee brea